<?xml version="1.0" encoding="UTF-8"?>
<!-- Generated by org.testng.reporters.JUnitReportReporter -->
<testsuite hostname="DESKTOP-42J99NO" failures="0" tests="1" name="weare.api.testing.comment.EditCommentTest" time="1.246" errors="0" timestamp="2023-10-19T19:15:49 EEST" skipped="0">
  <testcase classname="weare.api.testing.comment.EditCommentTest" name="editComment_Successful" time="1.246"/>
</testsuite> <!-- weare.api.testing.comment.EditCommentTest -->
