<?xml version="1.0" encoding="UTF-8"?>
<!-- Generated by org.testng.reporters.JUnitReportReporter -->
<testsuite hostname="DESKTOP-42J99NO" failures="0" tests="1" name="weare.api.testing.skill.UpdateSkillTests" time="0.273" errors="0" timestamp="2023-10-19T19:15:49 EEST" skipped="0">
  <testcase classname="weare.api.testing.skill.UpdateSkillTests" name="updateSkill_Successful" time="0.273"/>
</testsuite> <!-- weare.api.testing.skill.UpdateSkillTests -->
