<?xml version="1.0" encoding="UTF-8"?>
<!-- Generated by org.testng.reporters.JUnitReportReporter -->
<testsuite hostname="DESKTOP-42J99NO" failures="0" tests="1" name="weare.api.testing.post.GetNewsFeedTest" time="6.680" errors="0" timestamp="2023-10-26T20:25:03 EEST" skipped="0">
  <testcase classname="weare.api.testing.post.GetNewsFeedTest" name="AllPostsRetrieved_When_ClickGetAllPostsButton" time="6.680"/>
</testsuite> <!-- weare.api.testing.post.GetNewsFeedTest -->
